<?xml version="1.0" encoding="UTF-8"?>
<testng-results skipped="0" failed="0" ignored="0" total="1" passed="1">
  <reporter-output>
  </reporter-output>
  <suite name="Suite" duration-ms="2477" started-at="2022-05-29T06:33:24Z" finished-at="2022-05-29T06:33:27Z">
    <groups>
    </groups>
    <test name="Test" duration-ms="2477" started-at="2022-05-29T06:33:24Z" finished-at="2022-05-29T06:33:27Z">
      <class name="APIChaining.EndToEndTest">
        <test-method status="PASS" signature="test1()[pri:0, instance:APIChaining.EndToEndTest@7bc1a03d]" name="test1" duration-ms="2450" started-at="2022-05-29T06:33:24Z" finished-at="2022-05-29T06:33:27Z">
          <reporter-output>
          </reporter-output>
        </test-method> <!-- test1 -->
      </class> <!-- APIChaining.EndToEndTest -->
    </test> <!-- Test -->
  </suite> <!-- Suite -->
</testng-results>
